<?xml version="1.0" encoding="UTF-8"?>
<!-- Generated by org.testng.reporters.JUnitXMLReporter -->
<testsuite ignored="0" hostname="IN-PG02P4VQ" failures="0" tests="9" name="Command line test" time="14.631" errors="0" timestamp="2024-10-13T11:32:11 IST">
  <testcase classname="Test.RestfulBookerTest" name="setupAuthentication" time="2.891"/>
  <testcase classname="Test.RestfulBookerTest" name="createBooking" time="1.733"/>
  <testcase classname="Test.RestfulBookerTest" name="GetAllBookingID" time="1.416"/>
  <testcase classname="Test.RestfulBookerTest" name="GetBookingIDByName" time="1.352"/>
  <testcase classname="Test.RestfulBookerTest" name="GetBookingIDByCheckInCheckOUTDate" time="1.367"/>
  <testcase classname="Test.RestfulBookerTest" name="GetBookingDetailFilterByID" time="1.387"/>
  <testcase classname="Test.RestfulBookerTest" name="updateBooking" time="1.339"/>
  <testcase classname="Test.RestfulBookerTest" name="partialUpdateBooking" time="1.401"/>
  <testcase classname="Test.RestfulBookerTest" name="deleteBooking" time="1.415"/>
</testsuite> <!-- Command line test -->
