<?xml version="1.0" encoding="UTF-8"?>
<!-- Generated by org.testng.reporters.JUnitXMLReporter -->
<testsuite ignored="0" hostname="IN-PG02P4VQ" failures="0" tests="9" name="Command line test" time="15.717" errors="0" timestamp="2024-10-10T18:55:34 IST">
  <testcase classname="Test.RestfulBookerTest" name="setupAuthentication" time="3.396"/>
  <testcase classname="Test.RestfulBookerTest" name="createBooking" time="2.031"/>
  <testcase classname="Test.RestfulBookerTest" name="GetAllBookingID" time="1.651"/>
  <testcase classname="Test.RestfulBookerTest" name="GetBookingIDByName" time="1.367"/>
  <testcase classname="Test.RestfulBookerTest" name="GetBookingIDByCheckInCheckOUTDate" time="1.401"/>
  <testcase classname="Test.RestfulBookerTest" name="GetBookingDetailFilterByID" time="1.319"/>
  <testcase classname="Test.RestfulBookerTest" name="updateBooking" time="1.336"/>
  <testcase classname="Test.RestfulBookerTest" name="partialUpdateBooking" time="1.392"/>
  <testcase classname="Test.RestfulBookerTest" name="deleteBooking" time="1.356"/>
</testsuite> <!-- Command line test -->
