<?xml version="1.0" encoding="UTF-8" ?>
<testsuite tests="9" failures="0" name="TestSuite" time="14.348" errors="0" skipped="0">
  <properties>
[...]
</properties>
  <testcase classname="Test.RestfulBookerTest" name="setupAuthentication" time="2.891"/>
  <testcase classname="Test.RestfulBookerTest" name="createBooking" time="1.733"/>
  <testcase classname="Test.RestfulBookerTest" name="GetAllBookingID" time="1.464"/>
  <testcase classname="Test.RestfulBookerTest" name="GetBookingIDByName" time="1.32"/>
  <testcase classname="Test.RestfulBookerTest" name="GetBookingIDByCheckInCheckOUTDate" time="1.367"/>
  <testcase classname="Test.RestfulBookerTest" name="GetBookingDetailFilterByID" time="1.404"/>
  <testcase classname="Test.RestfulBookerTest" name="updateBooking" time="1.337"/>
  <testcase classname="Test.RestfulBookerTest" name="partialUpdateBooking" time="1.401"/>
  <testcase classname="Test.RestfulBookerTest" name="deleteBooking" time="1.431"/>
</testsuite>