<?xml version="1.0" encoding="UTF-8" ?>
<testsuite tests="9" failures="0" name="TestSuite" time="15.263" errors="0" skipped="0">
  <properties>
[...]
</properties>
  <testcase classname="Test.RestfulBookerTest" name="setupAuthentication" time="3.401"/>
  <testcase classname="Test.RestfulBookerTest" name="createBooking" time="2.031"/>
  <testcase classname="Test.RestfulBookerTest" name="GetAllBookingID" time="1.906"/>
  <testcase classname="Test.RestfulBookerTest" name="GetBookingIDByName" time="1.116"/>
  <testcase classname="Test.RestfulBookerTest" name="GetBookingIDByCheckInCheckOUTDate" time="1.432"/>
  <testcase classname="Test.RestfulBookerTest" name="GetBookingDetailFilterByID" time="1.288"/>
  <testcase classname="Test.RestfulBookerTest" name="updateBooking" time="1.338"/>
  <testcase classname="Test.RestfulBookerTest" name="partialUpdateBooking" time="1.395"/>
  <testcase classname="Test.RestfulBookerTest" name="deleteBooking" time="1.356"/>
</testsuite>