<?xml version="1.0" encoding="UTF-8"?>
<testng-results ignored="0" total="9" passed="9" failed="0" skipped="0">
  <reporter-output>
  </reporter-output>
  <suite started-at="2024-10-13T11:31:56 IST" name="Command line suite" finished-at="2024-10-13T11:32:11 IST" duration-ms="14631">
    <groups>
      <group name="Regression">
        <method signature="RestfulBookerTest.setupAuthentication()[pri:0, instance:Test.RestfulBookerTest@73194df]" name="setupAuthentication" class="Test.RestfulBookerTest"/>
        <method signature="RestfulBookerTest.createBooking()[pri:1, instance:Test.RestfulBookerTest@73194df]" name="createBooking" class="Test.RestfulBookerTest"/>
        <method signature="RestfulBookerTest.GetAllBookingID()[pri:2, instance:Test.RestfulBookerTest@73194df]" name="GetAllBookingID" class="Test.RestfulBookerTest"/>
        <method signature="RestfulBookerTest.GetBookingIDByName()[pri:3, instance:Test.RestfulBookerTest@73194df]" name="GetBookingIDByName" class="Test.RestfulBookerTest"/>
        <method signature="RestfulBookerTest.GetBookingIDByCheckInCheckOUTDate()[pri:4, instance:Test.RestfulBookerTest@73194df]" name="GetBookingIDByCheckInCheckOUTDate" class="Test.RestfulBookerTest"/>
        <method signature="RestfulBookerTest.GetBookingDetailFilterByID()[pri:5, instance:Test.RestfulBookerTest@73194df]" name="GetBookingDetailFilterByID" class="Test.RestfulBookerTest"/>
        <method signature="RestfulBookerTest.updateBooking()[pri:6, instance:Test.RestfulBookerTest@73194df]" name="updateBooking" class="Test.RestfulBookerTest"/>
        <method signature="RestfulBookerTest.partialUpdateBooking()[pri:7, instance:Test.RestfulBookerTest@73194df]" name="partialUpdateBooking" class="Test.RestfulBookerTest"/>
        <method signature="RestfulBookerTest.deleteBooking()[pri:8, instance:Test.RestfulBookerTest@73194df]" name="deleteBooking" class="Test.RestfulBookerTest"/>
      </group> <!-- Regression -->
    </groups>
    <test started-at="2024-10-13T11:31:56 IST" name="Command line test" finished-at="2024-10-13T11:32:11 IST" duration-ms="14631">
      <class name="Test.RestfulBookerTest">
        <test-method is-config="true" signature="setup()[pri:0, instance:Test.RestfulBookerTest@73194df]" started-at="2024-10-13T11:31:56 IST" name="setup" finished-at="2024-10-13T11:31:56 IST" duration-ms="251" status="PASS">
          <reporter-output>
          </reporter-output>
        </test-method> <!-- setup -->
        <test-method signature="setupAuthentication()[pri:0, instance:Test.RestfulBookerTest@73194df]" started-at="2024-10-13T11:31:56 IST" name="setupAuthentication" description="Test Case is used to Authenticate" finished-at="2024-10-13T11:31:59 IST" duration-ms="2891" status="PASS">
          <reporter-output>
          </reporter-output>
        </test-method> <!-- setupAuthentication -->
        <test-method signature="createBooking()[pri:1, instance:Test.RestfulBookerTest@73194df]" started-at="2024-10-13T11:31:59 IST" name="createBooking" description="Test Case is used to create Booking" finished-at="2024-10-13T11:32:01 IST" duration-ms="1733" status="PASS">
          <reporter-output>
          </reporter-output>
        </test-method> <!-- createBooking -->
        <test-method is-config="true" signature="setup()[pri:0, instance:Test.RestfulBookerTest@73194df]" started-at="2024-10-13T11:31:59 IST" name="setup" finished-at="2024-10-13T11:31:59 IST" duration-ms="0" status="PASS">
          <reporter-output>
          </reporter-output>
        </test-method> <!-- setup -->
        <test-method signature="GetAllBookingID()[pri:2, instance:Test.RestfulBookerTest@73194df]" started-at="2024-10-13T11:32:01 IST" name="GetAllBookingID" description="Test Case is used fetch all bookings made so far" finished-at="2024-10-13T11:32:03 IST" duration-ms="1416" status="PASS">
          <reporter-output>
          </reporter-output>
        </test-method> <!-- GetAllBookingID -->
        <test-method is-config="true" signature="setup()[pri:0, instance:Test.RestfulBookerTest@73194df]" started-at="2024-10-13T11:32:01 IST" name="setup" finished-at="2024-10-13T11:32:01 IST" duration-ms="0" status="PASS">
          <reporter-output>
          </reporter-output>
        </test-method> <!-- setup -->
        <test-method is-config="true" signature="setup()[pri:0, instance:Test.RestfulBookerTest@73194df]" started-at="2024-10-13T11:32:03 IST" name="setup" finished-at="2024-10-13T11:32:03 IST" duration-ms="0" status="PASS">
          <reporter-output>
          </reporter-output>
        </test-method> <!-- setup -->
        <test-method signature="GetBookingIDByName()[pri:3, instance:Test.RestfulBookerTest@73194df]" started-at="2024-10-13T11:32:03 IST" name="GetBookingIDByName" description="Test Case is used to fetch Booking ID By filtering with Name" finished-at="2024-10-13T11:32:04 IST" duration-ms="1352" status="PASS">
          <reporter-output>
          </reporter-output>
        </test-method> <!-- GetBookingIDByName -->
        <test-method signature="GetBookingIDByCheckInCheckOUTDate()[pri:4, instance:Test.RestfulBookerTest@73194df]" started-at="2024-10-13T11:32:04 IST" name="GetBookingIDByCheckInCheckOUTDate" description="Test Case is used to fetch Booking id by check in check out date" finished-at="2024-10-13T11:32:05 IST" duration-ms="1367" status="PASS">
          <reporter-output>
          </reporter-output>
        </test-method> <!-- GetBookingIDByCheckInCheckOUTDate -->
        <test-method is-config="true" signature="setup()[pri:0, instance:Test.RestfulBookerTest@73194df]" started-at="2024-10-13T11:32:04 IST" name="setup" finished-at="2024-10-13T11:32:04 IST" duration-ms="0" status="PASS">
          <reporter-output>
          </reporter-output>
        </test-method> <!-- setup -->
        <test-method signature="GetBookingDetailFilterByID()[pri:5, instance:Test.RestfulBookerTest@73194df]" started-at="2024-10-13T11:32:05 IST" name="GetBookingDetailFilterByID" description="Test Case is used to fetch Booking detail By ID" finished-at="2024-10-13T11:32:07 IST" duration-ms="1387" status="PASS">
          <reporter-output>
          </reporter-output>
        </test-method> <!-- GetBookingDetailFilterByID -->
        <test-method is-config="true" signature="setup()[pri:0, instance:Test.RestfulBookerTest@73194df]" started-at="2024-10-13T11:32:05 IST" name="setup" finished-at="2024-10-13T11:32:05 IST" duration-ms="0" status="PASS">
          <reporter-output>
          </reporter-output>
        </test-method> <!-- setup -->
        <test-method is-config="true" signature="setup()[pri:0, instance:Test.RestfulBookerTest@73194df]" started-at="2024-10-13T11:32:07 IST" name="setup" finished-at="2024-10-13T11:32:07 IST" duration-ms="15" status="PASS">
          <reporter-output>
          </reporter-output>
        </test-method> <!-- setup -->
        <test-method signature="updateBooking()[pri:6, instance:Test.RestfulBookerTest@73194df]" started-at="2024-10-13T11:32:07 IST" name="updateBooking" description="Test Case is used to update booking based on input ID" finished-at="2024-10-13T11:32:08 IST" duration-ms="1339" status="PASS">
          <reporter-output>
          </reporter-output>
        </test-method> <!-- updateBooking -->
        <test-method signature="partialUpdateBooking()[pri:7, instance:Test.RestfulBookerTest@73194df]" started-at="2024-10-13T11:32:08 IST" name="partialUpdateBooking" description="Test Case is used to partially update booking based on input ID" finished-at="2024-10-13T11:32:09 IST" duration-ms="1401" status="PASS">
          <reporter-output>
          </reporter-output>
        </test-method> <!-- partialUpdateBooking -->
        <test-method is-config="true" signature="setup()[pri:0, instance:Test.RestfulBookerTest@73194df]" started-at="2024-10-13T11:32:08 IST" name="setup" finished-at="2024-10-13T11:32:08 IST" duration-ms="0" status="PASS">
          <reporter-output>
          </reporter-output>
        </test-method> <!-- setup -->
        <test-method signature="deleteBooking()[pri:8, instance:Test.RestfulBookerTest@73194df]" started-at="2024-10-13T11:32:09 IST" name="deleteBooking" description="Test Case is used to delete booking based on input ID" finished-at="2024-10-13T11:32:11 IST" duration-ms="1415" status="PASS">
          <reporter-output>
          </reporter-output>
        </test-method> <!-- deleteBooking -->
        <test-method is-config="true" signature="setup()[pri:0, instance:Test.RestfulBookerTest@73194df]" started-at="2024-10-13T11:32:09 IST" name="setup" finished-at="2024-10-13T11:32:09 IST" duration-ms="0" status="PASS">
          <reporter-output>
          </reporter-output>
        </test-method> <!-- setup -->
      </class> <!-- Test.RestfulBookerTest -->
    </test> <!-- Command line test -->
  </suite> <!-- Command line suite -->
</testng-results>
